<?xml version="1.0" encoding="UTF-8"?>
<!-- Generated by org.testng.reporters.JUnitReportReporter -->
<testsuite skipped="0" hostname="DESKTOP-PE5JJTH" name="testscripts.TC002" tests="1" failures="0" timestamp="2021-01-06T15:16:46 IST" time="59.694" errors="0">
  <testcase name="testToDeletAddedProductFromODP" time="59.694" classname="testscripts.TC002"/>
  <system-out/>
</testsuite> <!-- testscripts.TC002 -->
