<?xml version="1.0" encoding="UTF-8"?>
<!-- Generated by org.testng.reporters.JUnitReportReporter -->
<testsuite skipped="0" hostname="DESKTOP-PE5JJTH" name="testscripts.TC001" tests="1" failures="0" timestamp="2021-01-06T15:16:46 IST" time="34.807" errors="0">
  <testcase name="testAddingProductToKart" time="34.807" classname="testscripts.TC001"/>
  <system-out/>
</testsuite> <!-- testscripts.TC001 -->
